d:\acdev\gengine\gengine\x64\debug\vc143.pdb
d:\acdev\gengine\gengine\x64\debug\vc143.idb
d:\acdev\gengine\gengine\x64\debug\vector2.obj
d:\acdev\gengine\gengine\x64\debug\window.obj
d:\acdev\gengine\gengine\x64\debug\stb_image.obj
d:\acdev\gengine\gengine\x64\debug\main.obj
d:\acdev\gengine\gengine\x64\debug\render.obj
d:\acdev\gengine\gengine\x64\debug\gengine.obj
d:\acdev\gengine\gengine\x64\debug\glad.obj
d:\acdev\gengine\x64\debug\gengine.exe
d:\acdev\gengine\x64\debug\gengine.pdb
d:\acdev\gengine\gengine\x64\debug\gengine.ilk
d:\acdev\gengine\gengine\x64\debug\gengine.tlog\cl.command.1.tlog
d:\acdev\gengine\gengine\x64\debug\gengine.tlog\cl.items.tlog
d:\acdev\gengine\gengine\x64\debug\gengine.tlog\cl.read.1.tlog
d:\acdev\gengine\gengine\x64\debug\gengine.tlog\cl.write.1.tlog
d:\acdev\gengine\gengine\x64\debug\gengine.tlog\link.command.1.tlog
d:\acdev\gengine\gengine\x64\debug\gengine.tlog\link.read.1.tlog
d:\acdev\gengine\gengine\x64\debug\gengine.tlog\link.secondary.1.tlog
d:\acdev\gengine\gengine\x64\debug\gengine.tlog\link.write.1.tlog
